19:48:27.387 [org.goko.log.GokoLogConsoleReader@62788154] INFO  OSGI Log -  [ Bundle = org.eclipse.osgi] InfoFrameworkEvent STARTLEVEL CHANGED
19:48:27.389 [org.goko.log.GokoLogConsoleReader@62788154] INFO  OSGI Log -  [ Bundle = org.eclipse.osgi] InfoServiceEvent REGISTERED
19:48:27.397 [org.goko.log.GokoLogConsoleReader@62788154] INFO  OSGI Log -  [ Bundle = org.eclipse.pde.junit.runtime] InfoBundleEvent STARTED
19:48:27.503 [org.goko.log.GokoLogConsoleReader@62788154] INFO  OSGI Log -  [ Bundle = org.goko.core] InfoBundleEvent STARTED
19:48:27.620 [org.goko.log.GokoLogConsoleReader@62788154] INFO  OSGI Log -  [ Bundle = org.goko.tinyg] InfoBundleEvent STARTED
19:48:27.642 [org.goko.log.GokoLogConsoleReader@62788154] INFO  OSGI Log -  [ Bundle = org.goko.gcode.rs274ngcv3] InfoBundleEvent STARTED
19:48:27.696 [main] ERROR o.g.c.common.event.EventDispatcher - Cannot add myself as listener
19:48:27.698 [main] INFO  o.g.t.c.TinyGControllerService - Successfully started TinyG Controller
19:48:27.717 [org.goko.log.GokoLogConsoleReader@62788154] INFO  OSGI Log -  [ Bundle = org.eclipse.jface] InfoBundleEvent STARTED
19:48:27.825 [org.goko.log.GokoLogConsoleReader@62788154] INFO  OSGI Log -  [ Bundle = org.eclipse.ui] InfoBundleEvent STARTED
19:48:27.825 [org.goko.log.GokoLogConsoleReader@62788154] INFO  OSGI Log -  [ Bundle = org.eclipse.ui.workbench] InfoBundleEvent STARTED
19:48:27.825 [org.goko.log.GokoLogConsoleReader@62788154] INFO  OSGI Log -  [ Bundle = org.eclipse.e4.ui.workbench] InfoBundleEvent STARTED
19:48:27.825 [org.goko.log.GokoLogConsoleReader@62788154] INFO  OSGI Log -  [ Bundle = org.eclipse.emf.common] InfoBundleEvent STARTED
19:48:27.825 [org.goko.log.GokoLogConsoleReader@62788154] INFO  OSGI Log -  [ Bundle = org.eclipse.e4.ui.model.workbench] InfoBundleEvent STARTED
19:48:27.825 [org.goko.log.GokoLogConsoleReader@62788154] INFO  OSGI Log -  [ Bundle = org.eclipse.e4.core.di] InfoBundleEvent STARTED
19:48:27.902 [main] ERROR o.g.c.common.event.EventDispatcher - Cannot add myself as listener
19:48:27.903 [main] INFO  o.g.t.c.TinyGControllerService - Successfully started TinyG Controller
19:48:27.907 [main] ERROR o.g.c.common.event.EventDispatcher - Cannot add myself as listener
19:48:27.908 [main] INFO  o.g.t.c.TinyGControllerService - Successfully started TinyG Controller
19:48:27.929 [main] DEBUG org.goko.tinyg.json.TinyGJsonUtils - Setting parameter qv of group 'sys' to value '2'
19:48:27.934 [org.goko.log.GokoLogConsoleReader@62788154] INFO  OSGI Log -  [ Bundle = org.eclipse.equinox.app] DebugServiceEvent MODIFIED
19:48:27.935 [org.goko.log.GokoLogConsoleReader@62788154] INFO  OSGI Log -  [ Bundle = org.eclipse.equinox.app] DebugServiceEvent MODIFIED
19:48:27.935 [org.goko.log.GokoLogConsoleReader@62788154] INFO  OSGI Log -  [ Bundle = org.eclipse.equinox.app] DebugServiceEvent MODIFIED
19:48:27.936 [org.goko.log.GokoLogConsoleReader@62788154] INFO  OSGI Log -  [ Bundle = org.eclipse.equinox.app] DebugServiceEvent MODIFIED
19:48:27.936 [org.goko.log.GokoLogConsoleReader@62788154] INFO  OSGI Log -  [ Bundle = org.eclipse.equinox.app] DebugServiceEvent MODIFIED
19:48:27.937 [org.goko.log.GokoLogConsoleReader@62788154] INFO  OSGI Log -  [ Bundle = org.eclipse.equinox.app] DebugServiceEvent MODIFIED
19:48:27.937 [org.goko.log.GokoLogConsoleReader@62788154] INFO  OSGI Log -  [ Bundle = org.eclipse.equinox.app] DebugServiceEvent MODIFIED
19:48:27.938 [org.goko.log.GokoLogConsoleReader@62788154] INFO  OSGI Log -  [ Bundle = org.eclipse.equinox.app] DebugServiceEvent MODIFIED
19:48:27.938 [org.goko.log.GokoLogConsoleReader@62788154] INFO  OSGI Log -  [ Bundle = org.eclipse.equinox.app] DebugServiceEvent MODIFIED
19:48:27.939 [org.goko.log.GokoLogConsoleReader@62788154] INFO  OSGI Log -  [ Bundle = org.eclipse.equinox.app] DebugServiceEvent MODIFIED
19:48:27.939 [org.goko.log.GokoLogConsoleReader@62788154] INFO  OSGI Log -  [ Bundle = org.eclipse.equinox.app] DebugServiceEvent MODIFIED
19:48:27.940 [org.goko.log.GokoLogConsoleReader@62788154] INFO  OSGI Log -  [ Bundle = org.eclipse.equinox.app] DebugServiceEvent MODIFIED
19:48:27.940 [org.goko.log.GokoLogConsoleReader@62788154] INFO  OSGI Log -  [ Bundle = org.eclipse.equinox.app] DebugServiceEvent MODIFIED
19:48:27.941 [org.goko.log.GokoLogConsoleReader@62788154] INFO  OSGI Log -  [ Bundle = org.eclipse.equinox.app] DebugServiceEvent MODIFIED
19:48:27.941 [org.goko.log.GokoLogConsoleReader@62788154] INFO  OSGI Log -  [ Bundle = org.eclipse.equinox.app] DebugServiceEvent MODIFIED
19:48:27.942 [org.goko.log.GokoLogConsoleReader@62788154] INFO  OSGI Log -  [ Bundle = org.eclipse.equinox.app] DebugServiceEvent MODIFIED
19:48:27.942 [org.goko.log.GokoLogConsoleReader@62788154] INFO  OSGI Log -  [ Bundle = org.eclipse.equinox.app] DebugServiceEvent MODIFIED
19:48:27.943 [org.goko.log.GokoLogConsoleReader@62788154] INFO  OSGI Log -  [ Bundle = org.eclipse.equinox.app] InfoServiceEvent UNREGISTERING
19:48:27.943 [org.goko.log.GokoLogConsoleReader@62788154] INFO  OSGI Log -  [ Bundle = org.eclipse.osgi] InfoServiceEvent UNREGISTERING
19:48:27.943 [org.goko.log.GokoLogConsoleReader@62788154] INFO  OSGI Log -  [ Bundle = org.eclipse.osgi] InfoServiceEvent UNREGISTERING
19:48:27.952 [org.goko.log.GokoLogConsoleReader@62788154] INFO  OSGI Log -  [ Bundle = org.goko.gcode.rs274ngcv3] InfoServiceEvent UNREGISTERING
19:48:27.953 [org.goko.log.GokoLogConsoleReader@62788154] INFO  OSGI Log -  [ Bundle = org.goko.gcode.rs274ngcv3] InfoBundleEvent STOPPED
19:48:27.953 [org.goko.log.GokoLogConsoleReader@62788154] INFO  OSGI Log -  [ Bundle = org.goko.tinyg] InfoBundleEvent STOPPED
19:48:27.953 [org.goko.log.GokoLogConsoleReader@62788154] INFO  OSGI Log -  [ Bundle = Goko] InfoBundleEvent STOPPED
19:48:27.953 [org.goko.log.GokoLogConsoleReader@62788154] INFO  OSGI Log -  [ Bundle = org.eclipse.team.core] InfoBundleEvent STOPPED
19:48:27.953 [org.goko.log.GokoLogConsoleReader@62788154] INFO  OSGI Log -  [ Bundle = org.eclipse.ui.console] InfoBundleEvent STOPPED
19:48:27.953 [org.goko.log.GokoLogConsoleReader@62788154] INFO  OSGI Log -  [ Bundle = org.eclipse.ui.workbench.texteditor] InfoBundleEvent STOPPED
19:48:27.954 [org.goko.log.GokoLogConsoleReader@62788154] INFO  OSGI Log -  [ Bundle = org.eclipse.compare.core] InfoBundleEvent STOPPED
19:48:27.954 [org.goko.log.GokoLogConsoleReader@62788154] INFO  OSGI Log -  [ Bundle = org.eclipse.pde.junit.runtime] InfoBundleEvent STOPPED
19:48:27.954 [org.goko.log.GokoLogConsoleReader@62788154] INFO  OSGI Log -  [ Bundle = org.eclipse.ui.forms] InfoBundleEvent STOPPED
19:48:27.955 [org.goko.log.GokoLogConsoleReader@62788154] INFO  OSGI Log -  [ Bundle = org.eclipse.ui.trace] InfoBundleEvent STOPPED
19:48:27.955 [org.goko.log.GokoLogConsoleReader@62788154] INFO  OSGI Log -  [ Bundle = org.goko.core] InfoBundleEvent STOPPED
19:48:27.960 [org.goko.log.GokoLogConsoleReader@62788154] INFO  OSGI Log -  [ Bundle = org.eclipse.ui] InfoBundleEvent STOPPED
19:48:27.960 [org.goko.log.GokoLogConsoleReader@62788154] INFO  OSGI Log -  [ Bundle = org.eclipse.ui.workbench] InfoServiceEvent UNREGISTERING
19:48:27.960 [org.goko.log.GokoLogConsoleReader@62788154] INFO  OSGI Log -  [ Bundle = org.eclipse.ui.workbench] InfoBundleEvent STOPPED
19:48:27.960 [org.goko.log.GokoLogConsoleReader@62788154] INFO  OSGI Log -  [ Bundle = org.eclipse.e4.ui.workbench.addons.swt] InfoBundleEvent STOPPED
19:48:27.960 [org.goko.log.GokoLogConsoleReader@62788154] INFO  OSGI Log -  [ Bundle = org.eclipse.e4.ui.workbench.renderers.swt] InfoBundleEvent STOPPED
19:48:27.961 [org.goko.log.GokoLogConsoleReader@62788154] INFO  OSGI Log -  [ Bundle = org.eclipse.e4.ui.workbench.swt] InfoServiceEvent UNREGISTERING
19:48:27.961 [org.goko.log.GokoLogConsoleReader@62788154] INFO  OSGI Log -  [ Bundle = org.eclipse.e4.ui.workbench.swt] InfoServiceEvent UNREGISTERING
19:48:27.961 [org.goko.log.GokoLogConsoleReader@62788154] INFO  OSGI Log -  [ Bundle = org.eclipse.e4.ui.workbench.swt] InfoServiceEvent UNREGISTERING
19:48:27.961 [org.goko.log.GokoLogConsoleReader@62788154] INFO  OSGI Log -  [ Bundle = org.eclipse.e4.ui.workbench.swt] InfoBundleEvent STOPPED
19:48:27.980 [org.goko.log.GokoLogConsoleReader@62788154] INFO  OSGI Log -  [ Bundle = org.eclipse.core.databinding] InfoBundleEvent STOPPED
19:48:27.980 [org.goko.log.GokoLogConsoleReader@62788154] INFO  OSGI Log -  [ Bundle = org.eclipse.e4.ui.workbench] InfoServiceEvent UNREGISTERING
19:48:27.980 [org.goko.log.GokoLogConsoleReader@62788154] INFO  OSGI Log -  [ Bundle = org.eclipse.e4.ui.workbench] InfoServiceEvent UNREGISTERING
19:48:27.980 [org.goko.log.GokoLogConsoleReader@62788154] INFO  OSGI Log -  [ Bundle = org.eclipse.e4.ui.workbench] InfoServiceEvent UNREGISTERING
19:48:27.980 [org.goko.log.GokoLogConsoleReader@62788154] INFO  OSGI Log -  [ Bundle = org.eclipse.e4.ui.workbench] InfoBundleEvent STOPPED
19:48:27.980 [org.goko.log.GokoLogConsoleReader@62788154] INFO  OSGI Log -  [ Bundle = org.eclipse.help] InfoBundleEvent STOPPED
19:48:27.980 [org.goko.log.GokoLogConsoleReader@62788154] INFO  OSGI Log -  [ Bundle = com.ibm.icu] InfoBundleEvent STOPPED
19:48:27.981 [org.goko.log.GokoLogConsoleReader@62788154] INFO  OSGI Log -  [ Bundle = org.eclipse.e4.ui.model.workbench] InfoBundleEvent STOPPED
19:48:27.981 [org.goko.log.GokoLogConsoleReader@62788154] INFO  OSGI Log -  [ Bundle = org.eclipse.emf.ecore.change] InfoBundleEvent STOPPED
19:48:27.981 [org.goko.log.GokoLogConsoleReader@62788154] INFO  OSGI Log -  [ Bundle = org.eclipse.emf.ecore.xmi] InfoBundleEvent STOPPED
19:48:27.981 [org.goko.log.GokoLogConsoleReader@62788154] INFO  OSGI Log -  [ Bundle = org.eclipse.emf.ecore] InfoBundleEvent STOPPED
19:48:27.982 [org.goko.log.GokoLogConsoleReader@62788154] INFO  OSGI Log -  [ Bundle = org.eclipse.core.resources] InfoBundleEvent STOPPED
19:48:27.982 [org.goko.log.GokoLogConsoleReader@62788154] INFO  OSGI Log -  [ Bundle = org.eclipse.ant.core] InfoBundleEvent STOPPED
19:48:27.982 [org.goko.log.GokoLogConsoleReader@62788154] INFO  OSGI Log -  [ Bundle = org.eclipse.e4.ui.bindings] InfoBundleEvent STOPPED
19:48:27.982 [org.goko.log.GokoLogConsoleReader@62788154] INFO  OSGI Log -  [ Bundle = org.eclipse.e4.core.commands] InfoBundleEvent STOPPED
19:48:27.982 [org.goko.log.GokoLogConsoleReader@62788154] INFO  OSGI Log -  [ Bundle = org.eclipse.core.expressions] InfoBundleEvent STOPPED
19:48:27.983 [org.goko.log.GokoLogConsoleReader@62788154] INFO  OSGI Log -  [ Bundle = org.eclipse.core.variables] InfoBundleEvent STOPPED
19:48:27.983 [org.goko.log.GokoLogConsoleReader@62788154] INFO  OSGI Log -  [ Bundle = org.eclipse.e4.ui.css.swt.theme] InfoServiceEvent UNREGISTERING
19:48:27.983 [org.goko.log.GokoLogConsoleReader@62788154] INFO  OSGI Log -  [ Bundle = org.eclipse.e4.ui.css.swt.theme] InfoBundleEvent STOPPED
19:48:27.983 [org.goko.log.GokoLogConsoleReader@62788154] INFO  OSGI Log -  [ Bundle = org.eclipse.e4.ui.css.swt] InfoBundleEvent STOPPED
19:48:27.983 [org.goko.log.GokoLogConsoleReader@62788154] INFO  OSGI Log -  [ Bundle = org.eclipse.emf.common] InfoBundleEvent STOPPED
19:48:27.983 [org.goko.log.GokoLogConsoleReader@62788154] INFO  OSGI Log -  [ Bundle = org.eclipse.core.filesystem] InfoBundleEvent STOPPED
19:48:27.983 [org.goko.log.GokoLogConsoleReader@62788154] INFO  OSGI Log -  [ Bundle = org.eclipse.equinox.p2.extensionlocation] InfoBundleEvent STOPPED
19:48:27.983 [org.goko.log.GokoLogConsoleReader@62788154] INFO  OSGI Log -  [ Bundle = org.eclipse.equinox.p2.directorywatcher] InfoBundleEvent STOPPED
19:48:27.983 [org.goko.log.GokoLogConsoleReader@62788154] INFO  OSGI Log -  [ Bundle = org.eclipse.equinox.p2.touchpoint.eclipse] InfoBundleEvent STOPPED
19:48:27.983 [org.goko.log.GokoLogConsoleReader@62788154] INFO  OSGI Log -  [ Bundle = org.eclipse.equinox.p2.garbagecollector] InfoServiceEvent UNREGISTERING
19:48:27.983 [org.goko.log.GokoLogConsoleReader@62788154] INFO  OSGI Log -  [ Bundle = org.eclipse.equinox.p2.garbagecollector] InfoBundleEvent STOPPED
19:48:27.984 [org.goko.log.GokoLogConsoleReader@62788154] INFO  OSGI Log -  [ Bundle = org.eclipse.equinox.p2.publisher.eclipse] InfoBundleEvent STOPPED
19:48:27.984 [org.goko.log.GokoLogConsoleReader@62788154] INFO  OSGI Log -  [ Bundle = org.eclipse.equinox.p2.publisher] InfoBundleEvent STOPPED
19:48:27.984 [org.goko.log.GokoLogConsoleReader@62788154] INFO  OSGI Log -  [ Bundle = org.eclipse.equinox.p2.artifact.repository] InfoServiceEvent UNREGISTERING
19:48:27.984 [org.goko.log.GokoLogConsoleReader@62788154] INFO  OSGI Log -  [ Bundle = org.eclipse.equinox.p2.artifact.repository] InfoBundleEvent STOPPED
19:48:27.984 [org.goko.log.GokoLogConsoleReader@62788154] INFO  OSGI Log -  [ Bundle = org.eclipse.equinox.p2.operations] InfoBundleEvent STOPPED
19:48:27.984 [org.goko.log.GokoLogConsoleReader@62788154] INFO  OSGI Log -  [ Bundle = org.eclipse.equinox.p2.director] InfoServiceEvent UNREGISTERING
19:48:27.984 [org.goko.log.GokoLogConsoleReader@62788154] INFO  OSGI Log -  [ Bundle = org.eclipse.equinox.p2.director] InfoServiceEvent UNREGISTERING
19:48:27.984 [org.goko.log.GokoLogConsoleReader@62788154] INFO  OSGI Log -  [ Bundle = org.eclipse.equinox.p2.director] InfoBundleEvent STOPPED
19:48:27.984 [org.goko.log.GokoLogConsoleReader@62788154] INFO  OSGI Log -  [ Bundle = org.eclipse.equinox.p2.engine] InfoServiceEvent UNREGISTERING
19:48:27.984 [org.goko.log.GokoLogConsoleReader@62788154] INFO  OSGI Log -  [ Bundle = org.eclipse.equinox.p2.engine] InfoServiceEvent UNREGISTERING
19:48:27.984 [org.goko.log.GokoLogConsoleReader@62788154] INFO  OSGI Log -  [ Bundle = org.eclipse.equinox.p2.engine] InfoBundleEvent STOPPED
19:48:27.985 [org.goko.log.GokoLogConsoleReader@62788154] INFO  OSGI Log -  [ Bundle = org.eclipse.equinox.p2.metadata.repository] InfoServiceEvent UNREGISTERING
19:48:27.985 [org.goko.log.GokoLogConsoleReader@62788154] INFO  OSGI Log -  [ Bundle = org.eclipse.equinox.p2.metadata.repository] InfoBundleEvent STOPPED
19:48:27.985 [org.goko.log.GokoLogConsoleReader@62788154] INFO  OSGI Log -  [ Bundle = org.eclipse.equinox.p2.repository] InfoServiceEvent UNREGISTERING
19:48:27.985 [org.goko.log.GokoLogConsoleReader@62788154] INFO  OSGI Log -  [ Bundle = org.eclipse.equinox.p2.repository] InfoBundleEvent STOPPED
19:48:27.985 [org.goko.log.GokoLogConsoleReader@62788154] INFO  OSGI Log -  [ Bundle = org.eclipse.e4.ui.services] InfoServiceEvent UNREGISTERING
19:48:27.985 [org.goko.log.GokoLogConsoleReader@62788154] INFO  OSGI Log -  [ Bundle = org.eclipse.e4.ui.services] InfoBundleEvent STOPPED
19:48:27.985 [org.goko.log.GokoLogConsoleReader@62788154] INFO  OSGI Log -  [ Bundle = org.eclipse.e4.ui.di] InfoServiceEvent UNREGISTERING
19:48:27.985 [org.goko.log.GokoLogConsoleReader@62788154] INFO  OSGI Log -  [ Bundle = org.eclipse.e4.ui.di] InfoBundleEvent STOPPED
19:48:27.985 [org.goko.log.GokoLogConsoleReader@62788154] INFO  OSGI Log -  [ Bundle = org.eclipse.e4.core.di.extensions] InfoServiceEvent UNREGISTERING
19:48:27.985 [org.goko.log.GokoLogConsoleReader@62788154] INFO  OSGI Log -  [ Bundle = org.eclipse.e4.core.di.extensions] InfoServiceEvent UNREGISTERING
19:48:27.985 [org.goko.log.GokoLogConsoleReader@62788154] INFO  OSGI Log -  [ Bundle = org.eclipse.e4.core.di.extensions] InfoServiceEvent UNREGISTERING
19:48:27.985 [org.goko.log.GokoLogConsoleReader@62788154] INFO  OSGI Log -  [ Bundle = org.eclipse.e4.core.di.extensions] InfoBundleEvent STOPPED
19:48:27.986 [org.goko.log.GokoLogConsoleReader@62788154] INFO  OSGI Log -  [ Bundle = org.eclipse.e4.core.services] InfoServiceEvent UNREGISTERING
19:48:27.986 [org.goko.log.GokoLogConsoleReader@62788154] INFO  OSGI Log -  [ Bundle = org.eclipse.e4.core.services] InfoServiceEvent UNREGISTERING
19:48:27.986 [org.goko.log.GokoLogConsoleReader@62788154] INFO  OSGI Log -  [ Bundle = org.eclipse.e4.core.services] InfoServiceEvent UNREGISTERING
19:48:27.986 [org.goko.log.GokoLogConsoleReader@62788154] INFO  OSGI Log -  [ Bundle = org.eclipse.e4.core.services] InfoBundleEvent STOPPED
19:48:27.986 [org.goko.log.GokoLogConsoleReader@62788154] INFO  OSGI Log -  [ Bundle = org.eclipse.equinox.security] InfoBundleEvent STOPPED
19:48:27.986 [org.goko.log.GokoLogConsoleReader@62788154] INFO  OSGI Log -  [ Bundle = org.eclipse.core.runtime] InfoServiceEvent UNREGISTERING
19:48:27.986 [org.goko.log.GokoLogConsoleReader@62788154] INFO  OSGI Log -  [ Bundle = org.eclipse.core.runtime] InfoBundleEvent STOPPED
19:48:27.986 [org.goko.log.GokoLogConsoleReader@62788154] INFO  OSGI Log -  [ Bundle = org.eclipse.equinox.app] InfoServiceEvent UNREGISTERING
19:48:27.986 [org.goko.log.GokoLogConsoleReader@62788154] INFO  OSGI Log -  [ Bundle = org.eclipse.equinox.app] InfoServiceEvent UNREGISTERING
19:48:27.986 [org.goko.log.GokoLogConsoleReader@62788154] INFO  OSGI Log -  [ Bundle = org.eclipse.equinox.app] InfoServiceEvent UNREGISTERING
19:48:27.987 [org.goko.log.GokoLogConsoleReader@62788154] INFO  OSGI Log -  [ Bundle = org.eclipse.equinox.app] InfoServiceEvent UNREGISTERING
19:48:27.987 [org.goko.log.GokoLogConsoleReader@62788154] INFO  OSGI Log -  [ Bundle = org.eclipse.equinox.app] InfoServiceEvent UNREGISTERING
19:48:27.987 [org.goko.log.GokoLogConsoleReader@62788154] INFO  OSGI Log -  [ Bundle = org.eclipse.equinox.app] InfoServiceEvent UNREGISTERING
19:48:27.987 [org.goko.log.GokoLogConsoleReader@62788154] INFO  OSGI Log -  [ Bundle = org.eclipse.equinox.app] InfoServiceEvent UNREGISTERING
19:48:27.987 [org.goko.log.GokoLogConsoleReader@62788154] INFO  OSGI Log -  [ Bundle = org.eclipse.equinox.app] InfoServiceEvent UNREGISTERING
19:48:27.987 [org.goko.log.GokoLogConsoleReader@62788154] INFO  OSGI Log -  [ Bundle = org.eclipse.equinox.app] InfoServiceEvent UNREGISTERING
19:48:27.987 [org.goko.log.GokoLogConsoleReader@62788154] INFO  OSGI Log -  [ Bundle = org.eclipse.equinox.app] InfoServiceEvent UNREGISTERING
19:48:27.987 [org.goko.log.GokoLogConsoleReader@62788154] INFO  OSGI Log -  [ Bundle = org.eclipse.equinox.app] InfoServiceEvent UNREGISTERING
19:48:27.987 [org.goko.log.GokoLogConsoleReader@62788154] INFO  OSGI Log -  [ Bundle = org.eclipse.equinox.app] InfoServiceEvent UNREGISTERING
19:48:27.987 [org.goko.log.GokoLogConsoleReader@62788154] INFO  OSGI Log -  [ Bundle = org.eclipse.equinox.app] InfoServiceEvent UNREGISTERING
19:48:27.987 [org.goko.log.GokoLogConsoleReader@62788154] INFO  OSGI Log -  [ Bundle = org.eclipse.equinox.app] InfoServiceEvent UNREGISTERING
19:48:27.987 [org.goko.log.GokoLogConsoleReader@62788154] INFO  OSGI Log -  [ Bundle = org.eclipse.equinox.app] InfoServiceEvent UNREGISTERING
19:48:27.988 [org.goko.log.GokoLogConsoleReader@62788154] INFO  OSGI Log -  [ Bundle = org.eclipse.equinox.app] InfoServiceEvent UNREGISTERING
19:48:27.988 [org.goko.log.GokoLogConsoleReader@62788154] INFO  OSGI Log -  [ Bundle = org.eclipse.equinox.app] InfoBundleEvent STOPPED
19:48:27.988 [org.goko.log.GokoLogConsoleReader@62788154] INFO  OSGI Log -  [ Bundle = org.eclipse.core.contenttype] InfoServiceEvent UNREGISTERING
19:48:27.988 [org.goko.log.GokoLogConsoleReader@62788154] INFO  OSGI Log -  [ Bundle = org.eclipse.core.contenttype] InfoBundleEvent STOPPED
19:48:27.988 [org.goko.log.GokoLogConsoleReader@62788154] INFO  OSGI Log -  [ Bundle = org.eclipse.equinox.preferences] InfoServiceEvent UNREGISTERING
19:48:27.988 [org.goko.log.GokoLogConsoleReader@62788154] INFO  OSGI Log -  [ Bundle = org.eclipse.equinox.preferences] InfoServiceEvent UNREGISTERING
19:48:27.988 [org.goko.log.GokoLogConsoleReader@62788154] INFO  OSGI Log -  [ Bundle = org.eclipse.equinox.preferences] InfoBundleEvent STOPPED
19:48:27.988 [org.goko.log.GokoLogConsoleReader@62788154] INFO  OSGI Log -  [ Bundle = org.eclipse.equinox.registry] InfoServiceEvent UNREGISTERING
19:48:28.546 [org.goko.log.GokoLogConsoleReader@62788154] INFO  OSGI Log -  [ Bundle = org.eclipse.equinox.registry] InfoServiceEvent UNREGISTERING
19:48:28.546 [org.goko.log.GokoLogConsoleReader@62788154] INFO  OSGI Log -  [ Bundle = org.eclipse.equinox.registry] InfoBundleEvent STOPPED
19:51:14.770 [org.goko.log.GokoLogConsoleReader@73630a24] INFO  OSGI Log -  [ Bundle = org.eclipse.osgi] InfoFrameworkEvent STARTLEVEL CHANGED
19:51:14.772 [org.goko.log.GokoLogConsoleReader@73630a24] INFO  OSGI Log -  [ Bundle = org.eclipse.osgi] InfoServiceEvent REGISTERED
19:51:14.772 [org.goko.log.GokoLogConsoleReader@73630a24] INFO  OSGI Log -  [ Bundle = org.eclipse.pde.junit.runtime] InfoBundleEvent STARTED
19:51:14.801 [org.goko.log.GokoLogConsoleReader@73630a24] INFO  OSGI Log -  [ Bundle = org.goko.core] InfoBundleEvent STARTED
19:51:14.826 [org.goko.log.GokoLogConsoleReader@73630a24] INFO  OSGI Log -  [ Bundle = org.goko.tinyg] InfoBundleEvent STARTED
19:51:14.843 [org.goko.log.GokoLogConsoleReader@73630a24] INFO  OSGI Log -  [ Bundle = org.goko.gcode.rs274ngcv3] InfoBundleEvent STARTED
19:51:14.880 [main] ERROR o.g.c.common.event.EventDispatcher - Cannot add myself as listener
19:51:14.882 [main] INFO  o.g.t.c.TinyGControllerService - Successfully started TinyG Controller
19:51:14.897 [org.goko.log.GokoLogConsoleReader@73630a24] INFO  OSGI Log -  [ Bundle = org.eclipse.jface] InfoBundleEvent STARTED
19:51:14.927 [org.goko.log.GokoLogConsoleReader@73630a24] INFO  OSGI Log -  [ Bundle = org.eclipse.ui] InfoBundleEvent STARTED
19:51:15.016 [org.goko.log.GokoLogConsoleReader@73630a24] INFO  OSGI Log -  [ Bundle = org.eclipse.ui.workbench] InfoBundleEvent STARTED
19:51:15.016 [org.goko.log.GokoLogConsoleReader@73630a24] INFO  OSGI Log -  [ Bundle = org.eclipse.e4.ui.workbench] InfoBundleEvent STARTED
19:51:15.016 [org.goko.log.GokoLogConsoleReader@73630a24] INFO  OSGI Log -  [ Bundle = org.eclipse.emf.common] InfoBundleEvent STARTED
19:51:15.016 [org.goko.log.GokoLogConsoleReader@73630a24] INFO  OSGI Log -  [ Bundle = org.eclipse.e4.ui.model.workbench] InfoBundleEvent STARTED
19:51:15.016 [org.goko.log.GokoLogConsoleReader@73630a24] INFO  OSGI Log -  [ Bundle = org.eclipse.e4.core.di] InfoBundleEvent STARTED
19:51:15.050 [main] ERROR o.g.c.common.event.EventDispatcher - Cannot add myself as listener
19:51:15.050 [main] INFO  o.g.t.c.TinyGControllerService - Successfully started TinyG Controller
19:51:15.056 [main] ERROR o.g.c.common.event.EventDispatcher - Cannot add myself as listener
19:51:15.056 [main] INFO  o.g.t.c.TinyGControllerService - Successfully started TinyG Controller
19:51:15.061 [main] DEBUG org.goko.tinyg.json.TinyGJsonUtils - Setting parameter qv of group 'sys' to value '2'
19:51:15.065 [org.goko.log.GokoLogConsoleReader@73630a24] INFO  OSGI Log -  [ Bundle = org.eclipse.equinox.app] DebugServiceEvent MODIFIED
19:51:15.065 [org.goko.log.GokoLogConsoleReader@73630a24] INFO  OSGI Log -  [ Bundle = org.eclipse.equinox.app] DebugServiceEvent MODIFIED
19:51:15.066 [org.goko.log.GokoLogConsoleReader@73630a24] INFO  OSGI Log -  [ Bundle = org.eclipse.equinox.app] DebugServiceEvent MODIFIED
19:51:15.067 [org.goko.log.GokoLogConsoleReader@73630a24] INFO  OSGI Log -  [ Bundle = org.eclipse.equinox.app] DebugServiceEvent MODIFIED
19:51:15.068 [org.goko.log.GokoLogConsoleReader@73630a24] INFO  OSGI Log -  [ Bundle = org.eclipse.equinox.app] DebugServiceEvent MODIFIED
19:51:15.069 [org.goko.log.GokoLogConsoleReader@73630a24] INFO  OSGI Log -  [ Bundle = org.eclipse.equinox.app] DebugServiceEvent MODIFIED
19:51:15.069 [org.goko.log.GokoLogConsoleReader@73630a24] INFO  OSGI Log -  [ Bundle = org.eclipse.equinox.app] DebugServiceEvent MODIFIED
19:51:15.070 [org.goko.log.GokoLogConsoleReader@73630a24] INFO  OSGI Log -  [ Bundle = org.eclipse.equinox.app] DebugServiceEvent MODIFIED
19:51:15.071 [org.goko.log.GokoLogConsoleReader@73630a24] INFO  OSGI Log -  [ Bundle = org.eclipse.equinox.app] DebugServiceEvent MODIFIED
19:51:15.071 [org.goko.log.GokoLogConsoleReader@73630a24] INFO  OSGI Log -  [ Bundle = org.eclipse.equinox.app] DebugServiceEvent MODIFIED
19:51:15.072 [org.goko.log.GokoLogConsoleReader@73630a24] INFO  OSGI Log -  [ Bundle = org.eclipse.equinox.app] DebugServiceEvent MODIFIED
19:51:15.073 [org.goko.log.GokoLogConsoleReader@73630a24] INFO  OSGI Log -  [ Bundle = org.eclipse.equinox.app] DebugServiceEvent MODIFIED
19:51:15.074 [org.goko.log.GokoLogConsoleReader@73630a24] INFO  OSGI Log -  [ Bundle = org.eclipse.equinox.app] DebugServiceEvent MODIFIED
19:51:15.075 [org.goko.log.GokoLogConsoleReader@73630a24] INFO  OSGI Log -  [ Bundle = org.eclipse.equinox.app] DebugServiceEvent MODIFIED
19:51:15.075 [org.goko.log.GokoLogConsoleReader@73630a24] INFO  OSGI Log -  [ Bundle = org.eclipse.equinox.app] DebugServiceEvent MODIFIED
19:51:15.076 [org.goko.log.GokoLogConsoleReader@73630a24] INFO  OSGI Log -  [ Bundle = org.eclipse.equinox.app] DebugServiceEvent MODIFIED
19:51:15.077 [org.goko.log.GokoLogConsoleReader@73630a24] INFO  OSGI Log -  [ Bundle = org.eclipse.equinox.app] DebugServiceEvent MODIFIED
19:51:15.077 [org.goko.log.GokoLogConsoleReader@73630a24] INFO  OSGI Log -  [ Bundle = org.eclipse.equinox.app] InfoServiceEvent UNREGISTERING
19:51:15.078 [org.goko.log.GokoLogConsoleReader@73630a24] INFO  OSGI Log -  [ Bundle = org.eclipse.osgi] InfoServiceEvent UNREGISTERING
19:51:15.078 [org.goko.log.GokoLogConsoleReader@73630a24] INFO  OSGI Log -  [ Bundle = org.eclipse.osgi] InfoServiceEvent UNREGISTERING
19:51:15.092 [org.goko.log.GokoLogConsoleReader@73630a24] INFO  OSGI Log -  [ Bundle = org.goko.gcode.rs274ngcv3] InfoServiceEvent UNREGISTERING
19:51:15.093 [org.goko.log.GokoLogConsoleReader@73630a24] INFO  OSGI Log -  [ Bundle = org.goko.gcode.rs274ngcv3] InfoBundleEvent STOPPED
19:51:15.093 [org.goko.log.GokoLogConsoleReader@73630a24] INFO  OSGI Log -  [ Bundle = org.goko.tinyg] InfoBundleEvent STOPPED
19:51:15.093 [org.goko.log.GokoLogConsoleReader@73630a24] INFO  OSGI Log -  [ Bundle = Goko] InfoBundleEvent STOPPED
19:51:15.093 [org.goko.log.GokoLogConsoleReader@73630a24] INFO  OSGI Log -  [ Bundle = org.eclipse.team.core] InfoBundleEvent STOPPED
19:51:15.093 [org.goko.log.GokoLogConsoleReader@73630a24] INFO  OSGI Log -  [ Bundle = org.eclipse.ui.console] InfoBundleEvent STOPPED
19:51:15.094 [org.goko.log.GokoLogConsoleReader@73630a24] INFO  OSGI Log -  [ Bundle = org.eclipse.ui.workbench.texteditor] InfoBundleEvent STOPPED
19:51:15.094 [org.goko.log.GokoLogConsoleReader@73630a24] INFO  OSGI Log -  [ Bundle = org.eclipse.compare.core] InfoBundleEvent STOPPED
19:51:15.094 [org.goko.log.GokoLogConsoleReader@73630a24] INFO  OSGI Log -  [ Bundle = org.eclipse.pde.junit.runtime] InfoBundleEvent STOPPED
19:51:15.094 [org.goko.log.GokoLogConsoleReader@73630a24] INFO  OSGI Log -  [ Bundle = org.eclipse.ui.forms] InfoBundleEvent STOPPED
19:51:15.095 [org.goko.log.GokoLogConsoleReader@73630a24] INFO  OSGI Log -  [ Bundle = org.eclipse.ui.trace] InfoBundleEvent STOPPED
19:51:15.096 [org.goko.log.GokoLogConsoleReader@73630a24] INFO  OSGI Log -  [ Bundle = org.goko.core] InfoBundleEvent STOPPED
19:51:15.101 [org.goko.log.GokoLogConsoleReader@73630a24] INFO  OSGI Log -  [ Bundle = org.eclipse.ui] InfoBundleEvent STOPPED
19:51:15.101 [org.goko.log.GokoLogConsoleReader@73630a24] INFO  OSGI Log -  [ Bundle = org.eclipse.ui.workbench] InfoServiceEvent UNREGISTERING
19:51:15.102 [org.goko.log.GokoLogConsoleReader@73630a24] INFO  OSGI Log -  [ Bundle = org.eclipse.ui.workbench] InfoBundleEvent STOPPED
19:51:15.102 [org.goko.log.GokoLogConsoleReader@73630a24] INFO  OSGI Log -  [ Bundle = org.eclipse.e4.ui.workbench.addons.swt] InfoBundleEvent STOPPED
19:51:15.102 [org.goko.log.GokoLogConsoleReader@73630a24] INFO  OSGI Log -  [ Bundle = org.eclipse.e4.ui.workbench.renderers.swt] InfoBundleEvent STOPPED
19:51:15.102 [org.goko.log.GokoLogConsoleReader@73630a24] INFO  OSGI Log -  [ Bundle = org.eclipse.e4.ui.workbench.swt] InfoServiceEvent UNREGISTERING
19:51:15.102 [org.goko.log.GokoLogConsoleReader@73630a24] INFO  OSGI Log -  [ Bundle = org.eclipse.e4.ui.workbench.swt] InfoServiceEvent UNREGISTERING
19:51:15.103 [org.goko.log.GokoLogConsoleReader@73630a24] INFO  OSGI Log -  [ Bundle = org.eclipse.e4.ui.workbench.swt] InfoServiceEvent UNREGISTERING
19:51:15.103 [org.goko.log.GokoLogConsoleReader@73630a24] INFO  OSGI Log -  [ Bundle = org.eclipse.e4.ui.workbench.swt] InfoBundleEvent STOPPED
19:51:15.103 [org.goko.log.GokoLogConsoleReader@73630a24] INFO  OSGI Log -  [ Bundle = org.eclipse.core.databinding] InfoBundleEvent STOPPED
19:51:15.103 [org.goko.log.GokoLogConsoleReader@73630a24] INFO  OSGI Log -  [ Bundle = org.eclipse.e4.ui.workbench] InfoServiceEvent UNREGISTERING
19:51:15.103 [org.goko.log.GokoLogConsoleReader@73630a24] INFO  OSGI Log -  [ Bundle = org.eclipse.e4.ui.workbench] InfoServiceEvent UNREGISTERING
19:51:15.104 [org.goko.log.GokoLogConsoleReader@73630a24] INFO  OSGI Log -  [ Bundle = org.eclipse.e4.ui.workbench] InfoServiceEvent UNREGISTERING
19:51:15.104 [org.goko.log.GokoLogConsoleReader@73630a24] INFO  OSGI Log -  [ Bundle = org.eclipse.e4.ui.workbench] InfoBundleEvent STOPPED
19:51:15.105 [org.goko.log.GokoLogConsoleReader@73630a24] INFO  OSGI Log -  [ Bundle = org.eclipse.help] InfoBundleEvent STOPPED
19:51:15.105 [org.goko.log.GokoLogConsoleReader@73630a24] INFO  OSGI Log -  [ Bundle = com.ibm.icu] InfoBundleEvent STOPPED
19:51:15.105 [org.goko.log.GokoLogConsoleReader@73630a24] INFO  OSGI Log -  [ Bundle = org.eclipse.e4.ui.model.workbench] InfoBundleEvent STOPPED
19:51:15.105 [org.goko.log.GokoLogConsoleReader@73630a24] INFO  OSGI Log -  [ Bundle = org.eclipse.emf.ecore.change] InfoBundleEvent STOPPED
19:51:15.105 [org.goko.log.GokoLogConsoleReader@73630a24] INFO  OSGI Log -  [ Bundle = org.eclipse.emf.ecore.xmi] InfoBundleEvent STOPPED
19:51:15.105 [org.goko.log.GokoLogConsoleReader@73630a24] INFO  OSGI Log -  [ Bundle = org.eclipse.emf.ecore] InfoBundleEvent STOPPED
19:51:15.105 [org.goko.log.GokoLogConsoleReader@73630a24] INFO  OSGI Log -  [ Bundle = org.eclipse.core.resources] InfoBundleEvent STOPPED
19:51:15.105 [org.goko.log.GokoLogConsoleReader@73630a24] INFO  OSGI Log -  [ Bundle = org.eclipse.ant.core] InfoBundleEvent STOPPED
19:51:15.106 [org.goko.log.GokoLogConsoleReader@73630a24] INFO  OSGI Log -  [ Bundle = org.eclipse.e4.ui.bindings] InfoBundleEvent STOPPED
19:51:15.106 [org.goko.log.GokoLogConsoleReader@73630a24] INFO  OSGI Log -  [ Bundle = org.eclipse.e4.core.commands] InfoBundleEvent STOPPED
19:51:15.106 [org.goko.log.GokoLogConsoleReader@73630a24] INFO  OSGI Log -  [ Bundle = org.eclipse.core.expressions] InfoBundleEvent STOPPED
19:51:15.106 [org.goko.log.GokoLogConsoleReader@73630a24] INFO  OSGI Log -  [ Bundle = org.eclipse.core.variables] InfoBundleEvent STOPPED
19:51:15.106 [org.goko.log.GokoLogConsoleReader@73630a24] INFO  OSGI Log -  [ Bundle = org.eclipse.e4.ui.css.swt.theme] InfoServiceEvent UNREGISTERING
19:51:15.107 [org.goko.log.GokoLogConsoleReader@73630a24] INFO  OSGI Log -  [ Bundle = org.eclipse.e4.ui.css.swt.theme] InfoBundleEvent STOPPED
19:51:15.107 [org.goko.log.GokoLogConsoleReader@73630a24] INFO  OSGI Log -  [ Bundle = org.eclipse.e4.ui.css.swt] InfoBundleEvent STOPPED
19:51:15.107 [org.goko.log.GokoLogConsoleReader@73630a24] INFO  OSGI Log -  [ Bundle = org.eclipse.emf.common] InfoBundleEvent STOPPED
19:51:15.107 [org.goko.log.GokoLogConsoleReader@73630a24] INFO  OSGI Log -  [ Bundle = org.eclipse.core.filesystem] InfoBundleEvent STOPPED
19:51:15.107 [org.goko.log.GokoLogConsoleReader@73630a24] INFO  OSGI Log -  [ Bundle = org.eclipse.equinox.p2.extensionlocation] InfoBundleEvent STOPPED
19:51:15.107 [org.goko.log.GokoLogConsoleReader@73630a24] INFO  OSGI Log -  [ Bundle = org.eclipse.equinox.p2.directorywatcher] InfoBundleEvent STOPPED
19:51:15.107 [org.goko.log.GokoLogConsoleReader@73630a24] INFO  OSGI Log -  [ Bundle = org.eclipse.equinox.p2.touchpoint.eclipse] InfoBundleEvent STOPPED
19:51:15.108 [org.goko.log.GokoLogConsoleReader@73630a24] INFO  OSGI Log -  [ Bundle = org.eclipse.equinox.p2.garbagecollector] InfoServiceEvent UNREGISTERING
19:51:15.108 [org.goko.log.GokoLogConsoleReader@73630a24] INFO  OSGI Log -  [ Bundle = org.eclipse.equinox.p2.garbagecollector] InfoBundleEvent STOPPED
19:51:15.108 [org.goko.log.GokoLogConsoleReader@73630a24] INFO  OSGI Log -  [ Bundle = org.eclipse.equinox.p2.publisher.eclipse] InfoBundleEvent STOPPED
19:51:15.108 [org.goko.log.GokoLogConsoleReader@73630a24] INFO  OSGI Log -  [ Bundle = org.eclipse.equinox.p2.publisher] InfoBundleEvent STOPPED
19:51:15.109 [org.goko.log.GokoLogConsoleReader@73630a24] INFO  OSGI Log -  [ Bundle = org.eclipse.equinox.p2.artifact.repository] InfoServiceEvent UNREGISTERING
19:51:15.109 [org.goko.log.GokoLogConsoleReader@73630a24] INFO  OSGI Log -  [ Bundle = org.eclipse.equinox.p2.artifact.repository] InfoBundleEvent STOPPED
19:51:15.109 [org.goko.log.GokoLogConsoleReader@73630a24] INFO  OSGI Log -  [ Bundle = org.eclipse.equinox.p2.operations] InfoBundleEvent STOPPED
19:51:15.109 [org.goko.log.GokoLogConsoleReader@73630a24] INFO  OSGI Log -  [ Bundle = org.eclipse.equinox.p2.director] InfoServiceEvent UNREGISTERING
19:51:15.109 [org.goko.log.GokoLogConsoleReader@73630a24] INFO  OSGI Log -  [ Bundle = org.eclipse.equinox.p2.director] InfoServiceEvent UNREGISTERING
19:51:15.109 [org.goko.log.GokoLogConsoleReader@73630a24] INFO  OSGI Log -  [ Bundle = org.eclipse.equinox.p2.director] InfoBundleEvent STOPPED
19:51:15.110 [org.goko.log.GokoLogConsoleReader@73630a24] INFO  OSGI Log -  [ Bundle = org.eclipse.equinox.p2.engine] InfoServiceEvent UNREGISTERING
19:51:15.110 [org.goko.log.GokoLogConsoleReader@73630a24] INFO  OSGI Log -  [ Bundle = org.eclipse.equinox.p2.engine] InfoServiceEvent UNREGISTERING
19:51:15.110 [org.goko.log.GokoLogConsoleReader@73630a24] INFO  OSGI Log -  [ Bundle = org.eclipse.equinox.p2.engine] InfoBundleEvent STOPPED
19:51:15.110 [org.goko.log.GokoLogConsoleReader@73630a24] INFO  OSGI Log -  [ Bundle = org.eclipse.equinox.p2.metadata.repository] InfoServiceEvent UNREGISTERING
19:51:15.110 [org.goko.log.GokoLogConsoleReader@73630a24] INFO  OSGI Log -  [ Bundle = org.eclipse.equinox.p2.metadata.repository] InfoBundleEvent STOPPED
19:51:15.110 [org.goko.log.GokoLogConsoleReader@73630a24] INFO  OSGI Log -  [ Bundle = org.eclipse.equinox.p2.repository] InfoServiceEvent UNREGISTERING
19:51:15.110 [org.goko.log.GokoLogConsoleReader@73630a24] INFO  OSGI Log -  [ Bundle = org.eclipse.equinox.p2.repository] InfoBundleEvent STOPPED
19:51:15.111 [org.goko.log.GokoLogConsoleReader@73630a24] INFO  OSGI Log -  [ Bundle = org.eclipse.e4.ui.services] InfoServiceEvent UNREGISTERING
19:51:15.111 [org.goko.log.GokoLogConsoleReader@73630a24] INFO  OSGI Log -  [ Bundle = org.eclipse.e4.ui.services] InfoBundleEvent STOPPED
19:51:15.111 [org.goko.log.GokoLogConsoleReader@73630a24] INFO  OSGI Log -  [ Bundle = org.eclipse.e4.ui.di] InfoServiceEvent UNREGISTERING
19:51:15.111 [org.goko.log.GokoLogConsoleReader@73630a24] INFO  OSGI Log -  [ Bundle = org.eclipse.e4.ui.di] InfoBundleEvent STOPPED
19:51:15.111 [org.goko.log.GokoLogConsoleReader@73630a24] INFO  OSGI Log -  [ Bundle = org.eclipse.e4.core.di.extensions] InfoServiceEvent UNREGISTERING
19:51:15.111 [org.goko.log.GokoLogConsoleReader@73630a24] INFO  OSGI Log -  [ Bundle = org.eclipse.e4.core.di.extensions] InfoServiceEvent UNREGISTERING
19:51:15.111 [org.goko.log.GokoLogConsoleReader@73630a24] INFO  OSGI Log -  [ Bundle = org.eclipse.e4.core.di.extensions] InfoServiceEvent UNREGISTERING
19:51:15.112 [org.goko.log.GokoLogConsoleReader@73630a24] INFO  OSGI Log -  [ Bundle = org.eclipse.e4.core.di.extensions] InfoBundleEvent STOPPED
19:51:15.112 [org.goko.log.GokoLogConsoleReader@73630a24] INFO  OSGI Log -  [ Bundle = org.eclipse.e4.core.services] InfoServiceEvent UNREGISTERING
19:51:15.112 [org.goko.log.GokoLogConsoleReader@73630a24] INFO  OSGI Log -  [ Bundle = org.eclipse.e4.core.services] InfoServiceEvent UNREGISTERING
19:51:15.112 [org.goko.log.GokoLogConsoleReader@73630a24] INFO  OSGI Log -  [ Bundle = org.eclipse.e4.core.services] InfoServiceEvent UNREGISTERING
19:51:15.112 [org.goko.log.GokoLogConsoleReader@73630a24] INFO  OSGI Log -  [ Bundle = org.eclipse.e4.core.services] InfoBundleEvent STOPPED
19:51:15.112 [org.goko.log.GokoLogConsoleReader@73630a24] INFO  OSGI Log -  [ Bundle = org.eclipse.equinox.security] InfoBundleEvent STOPPED
19:51:15.113 [org.goko.log.GokoLogConsoleReader@73630a24] INFO  OSGI Log -  [ Bundle = org.eclipse.core.runtime] InfoServiceEvent UNREGISTERING
19:51:15.113 [org.goko.log.GokoLogConsoleReader@73630a24] INFO  OSGI Log -  [ Bundle = org.eclipse.core.runtime] InfoBundleEvent STOPPED
19:51:15.114 [org.goko.log.GokoLogConsoleReader@73630a24] INFO  OSGI Log -  [ Bundle = org.eclipse.equinox.app] InfoServiceEvent UNREGISTERING
19:51:15.115 [org.goko.log.GokoLogConsoleReader@73630a24] INFO  OSGI Log -  [ Bundle = org.eclipse.equinox.app] InfoServiceEvent UNREGISTERING
19:51:15.115 [org.goko.log.GokoLogConsoleReader@73630a24] INFO  OSGI Log -  [ Bundle = org.eclipse.equinox.app] InfoServiceEvent UNREGISTERING
19:51:15.115 [org.goko.log.GokoLogConsoleReader@73630a24] INFO  OSGI Log -  [ Bundle = org.eclipse.equinox.app] InfoServiceEvent UNREGISTERING
19:51:15.115 [org.goko.log.GokoLogConsoleReader@73630a24] INFO  OSGI Log -  [ Bundle = org.eclipse.equinox.app] InfoServiceEvent UNREGISTERING
19:51:15.115 [org.goko.log.GokoLogConsoleReader@73630a24] INFO  OSGI Log -  [ Bundle = org.eclipse.equinox.app] InfoServiceEvent UNREGISTERING
19:51:15.115 [org.goko.log.GokoLogConsoleReader@73630a24] INFO  OSGI Log -  [ Bundle = org.eclipse.equinox.app] InfoServiceEvent UNREGISTERING
19:51:15.116 [org.goko.log.GokoLogConsoleReader@73630a24] INFO  OSGI Log -  [ Bundle = org.eclipse.equinox.app] InfoServiceEvent UNREGISTERING
19:51:15.116 [org.goko.log.GokoLogConsoleReader@73630a24] INFO  OSGI Log -  [ Bundle = org.eclipse.equinox.app] InfoServiceEvent UNREGISTERING
19:51:15.116 [org.goko.log.GokoLogConsoleReader@73630a24] INFO  OSGI Log -  [ Bundle = org.eclipse.equinox.app] InfoServiceEvent UNREGISTERING
19:51:15.116 [org.goko.log.GokoLogConsoleReader@73630a24] INFO  OSGI Log -  [ Bundle = org.eclipse.equinox.app] InfoServiceEvent UNREGISTERING
19:51:15.117 [org.goko.log.GokoLogConsoleReader@73630a24] INFO  OSGI Log -  [ Bundle = org.eclipse.equinox.app] InfoServiceEvent UNREGISTERING
19:51:15.117 [org.goko.log.GokoLogConsoleReader@73630a24] INFO  OSGI Log -  [ Bundle = org.eclipse.equinox.app] InfoServiceEvent UNREGISTERING
19:51:15.117 [org.goko.log.GokoLogConsoleReader@73630a24] INFO  OSGI Log -  [ Bundle = org.eclipse.equinox.app] InfoServiceEvent UNREGISTERING
19:51:15.117 [org.goko.log.GokoLogConsoleReader@73630a24] INFO  OSGI Log -  [ Bundle = org.eclipse.equinox.app] InfoServiceEvent UNREGISTERING
19:51:15.117 [org.goko.log.GokoLogConsoleReader@73630a24] INFO  OSGI Log -  [ Bundle = org.eclipse.equinox.app] InfoServiceEvent UNREGISTERING
19:51:15.118 [org.goko.log.GokoLogConsoleReader@73630a24] INFO  OSGI Log -  [ Bundle = org.eclipse.equinox.app] InfoBundleEvent STOPPED
19:51:15.118 [org.goko.log.GokoLogConsoleReader@73630a24] INFO  OSGI Log -  [ Bundle = org.eclipse.core.contenttype] InfoServiceEvent UNREGISTERING
19:51:15.118 [org.goko.log.GokoLogConsoleReader@73630a24] INFO  OSGI Log -  [ Bundle = org.eclipse.core.contenttype] InfoBundleEvent STOPPED
19:51:15.118 [org.goko.log.GokoLogConsoleReader@73630a24] INFO  OSGI Log -  [ Bundle = org.eclipse.equinox.preferences] InfoServiceEvent UNREGISTERING
19:51:15.119 [org.goko.log.GokoLogConsoleReader@73630a24] INFO  OSGI Log -  [ Bundle = org.eclipse.equinox.preferences] InfoServiceEvent UNREGISTERING
19:51:15.119 [org.goko.log.GokoLogConsoleReader@73630a24] INFO  OSGI Log -  [ Bundle = org.eclipse.equinox.preferences] InfoBundleEvent STOPPED
19:51:15.119 [org.goko.log.GokoLogConsoleReader@73630a24] INFO  OSGI Log -  [ Bundle = org.eclipse.equinox.registry] InfoServiceEvent UNREGISTERING
19:51:15.718 [org.goko.log.GokoLogConsoleReader@73630a24] INFO  OSGI Log -  [ Bundle = org.eclipse.equinox.registry] InfoServiceEvent UNREGISTERING
19:51:15.719 [org.goko.log.GokoLogConsoleReader@73630a24] INFO  OSGI Log -  [ Bundle = org.eclipse.equinox.registry] InfoBundleEvent STOPPED
